{
  "stats": {
    "suites": 1,
    "tests": 7,
    "passes": 7,
    "pending": 0,
    "failures": 0,
    "start": "2024-12-02T15:16:18.867Z",
    "end": "2024-12-02T15:16:22.519Z",
    "duration": 3652,
    "testsRegistered": 7,
    "passPercent": 100,
    "pendingPercent": 0,
    "other": 0,
    "hasOther": false,
    "skipped": 0,
    "hasSkipped": false
  },
  "results": [
    {
      "uuid": "eb655532-3206-4e7e-b098-1fd842d4edd6",
      "title": "",
      "fullFile": "cypress\\e2e\\2-advanced-examples\\cookies.cy.js",
      "file": "cypress\\e2e\\2-advanced-examples\\cookies.cy.js",
      "beforeHooks": [],
      "afterHooks": [],
      "tests": [],
      "suites": [
        {
          "uuid": "714b9a9d-a3a1-4861-837a-1b23f51783d3",
          "title": "Cookies",
          "fullFile": "",
          "file": "",
          "beforeHooks": [],
          "afterHooks": [],
          "tests": [
            {
              "title": "cy.getCookie() - get a browser cookie",
              "fullTitle": "Cookies cy.getCookie() - get a browser cookie",
              "timedOut": null,
              "duration": 628,
              "state": "passed",
              "speed": "fast",
              "pass": true,
              "fail": false,
              "pending": false,
              "context": null,
              "code": "// https://on.cypress.io/getcookie\ncy.get('#getCookie .set-a-cookie').click();\n// cy.getCookie() yields a cookie object\ncy.getCookie('token').should('have.property', 'value', '123ABC');",
              "err": {},
              "uuid": "7a623644-2bbd-47de-9e28-f4b0d223fad8",
              "parentUUID": "714b9a9d-a3a1-4861-837a-1b23f51783d3",
              "isHook": false,
              "skipped": false
            },
            {
              "title": "cy.getCookies() - get browser cookies for the current domain",
              "fullTitle": "Cookies cy.getCookies() - get browser cookies for the current domain",
              "timedOut": null,
              "duration": 365,
              "state": "passed",
              "speed": "fast",
              "pass": true,
              "fail": false,
              "pending": false,
              "context": null,
              "code": "// https://on.cypress.io/getcookies\ncy.getCookies().should('be.empty');\ncy.get('#getCookies .set-a-cookie').click();\n// cy.getCookies() yields an array of cookies\ncy.getCookies().should('have.length', 1).should(cookies => {\n  // each cookie has these properties\n  expect(cookies[0]).to.have.property('name', 'token');\n  expect(cookies[0]).to.have.property('value', '123ABC');\n  expect(cookies[0]).to.have.property('httpOnly', false);\n  expect(cookies[0]).to.have.property('secure', false);\n  expect(cookies[0]).to.have.property('domain');\n  expect(cookies[0]).to.have.property('path');\n});",
              "err": {},
              "uuid": "0fe9013d-28c7-407e-b5bd-0af95ece0cd4",
              "parentUUID": "714b9a9d-a3a1-4861-837a-1b23f51783d3",
              "isHook": false,
              "skipped": false
            },
            {
              "title": "cy.getAllCookies() - get all browser cookies",
              "fullTitle": "Cookies cy.getAllCookies() - get all browser cookies",
              "timedOut": null,
              "duration": 169,
              "state": "passed",
              "speed": "fast",
              "pass": true,
              "fail": false,
              "pending": false,
              "context": null,
              "code": "// https://on.cypress.io/getallcookies\ncy.getAllCookies().should('be.empty');\ncy.setCookie('key', 'value');\ncy.setCookie('key', 'value', {\n  domain: '.example.com'\n});\n// cy.getAllCookies() yields an array of cookies\ncy.getAllCookies().should('have.length', 2).should(cookies => {\n  // each cookie has these properties\n  expect(cookies[0]).to.have.property('name', 'key');\n  expect(cookies[0]).to.have.property('value', 'value');\n  expect(cookies[0]).to.have.property('httpOnly', false);\n  expect(cookies[0]).to.have.property('secure', false);\n  expect(cookies[0]).to.have.property('domain');\n  expect(cookies[0]).to.have.property('path');\n  expect(cookies[1]).to.have.property('name', 'key');\n  expect(cookies[1]).to.have.property('value', 'value');\n  expect(cookies[1]).to.have.property('httpOnly', false);\n  expect(cookies[1]).to.have.property('secure', false);\n  expect(cookies[1]).to.have.property('domain', '.example.com');\n  expect(cookies[1]).to.have.property('path');\n});",
              "err": {},
              "uuid": "1239f9e3-139f-4569-ac80-8114fc683eed",
              "parentUUID": "714b9a9d-a3a1-4861-837a-1b23f51783d3",
              "isHook": false,
              "skipped": false
            },
            {
              "title": "cy.setCookie() - set a browser cookie",
              "fullTitle": "Cookies cy.setCookie() - set a browser cookie",
              "timedOut": null,
              "duration": 183,
              "state": "passed",
              "speed": "fast",
              "pass": true,
              "fail": false,
              "pending": false,
              "context": null,
              "code": "// https://on.cypress.io/setcookie\ncy.getCookies().should('be.empty');\ncy.setCookie('foo', 'bar');\n// cy.getCookie() yields a cookie object\ncy.getCookie('foo').should('have.property', 'value', 'bar');",
              "err": {},
              "uuid": "b8e282b1-617f-47eb-901d-6f9ced5aab23",
              "parentUUID": "714b9a9d-a3a1-4861-837a-1b23f51783d3",
              "isHook": false,
              "skipped": false
            },
            {
              "title": "cy.clearCookie() - clear a browser cookie",
              "fullTitle": "Cookies cy.clearCookie() - clear a browser cookie",
              "timedOut": null,
              "duration": 247,
              "state": "passed",
              "speed": "fast",
              "pass": true,
              "fail": false,
              "pending": false,
              "context": null,
              "code": "// https://on.cypress.io/clearcookie\ncy.getCookie('token').should('be.null');\ncy.get('#clearCookie .set-a-cookie').click();\ncy.getCookie('token').should('have.property', 'value', '123ABC');\n// cy.clearCookies() yields null\ncy.clearCookie('token');\ncy.getCookie('token').should('be.null');",
              "err": {},
              "uuid": "6cc0a1c4-e59e-4879-8921-c02c48005864",
              "parentUUID": "714b9a9d-a3a1-4861-837a-1b23f51783d3",
              "isHook": false,
              "skipped": false
            },
            {
              "title": "cy.clearCookies() - clear browser cookies for the current domain",
              "fullTitle": "Cookies cy.clearCookies() - clear browser cookies for the current domain",
              "timedOut": null,
              "duration": 246,
              "state": "passed",
              "speed": "fast",
              "pass": true,
              "fail": false,
              "pending": false,
              "context": null,
              "code": "// https://on.cypress.io/clearcookies\ncy.getCookies().should('be.empty');\ncy.get('#clearCookies .set-a-cookie').click();\ncy.getCookies().should('have.length', 1);\n// cy.clearCookies() yields null\ncy.clearCookies();\ncy.getCookies().should('be.empty');",
              "err": {},
              "uuid": "b9a46d7f-a13a-4533-9ed5-924663ce4688",
              "parentUUID": "714b9a9d-a3a1-4861-837a-1b23f51783d3",
              "isHook": false,
              "skipped": false
            },
            {
              "title": "cy.clearAllCookies() - clear all browser cookies",
              "fullTitle": "Cookies cy.clearAllCookies() - clear all browser cookies",
              "timedOut": null,
              "duration": 193,
              "state": "passed",
              "speed": "fast",
              "pass": true,
              "fail": false,
              "pending": false,
              "context": null,
              "code": "// https://on.cypress.io/clearallcookies\ncy.getAllCookies().should('be.empty');\ncy.setCookie('key', 'value');\ncy.setCookie('key', 'value', {\n  domain: '.example.com'\n});\ncy.getAllCookies().should('have.length', 2);\n// cy.clearAllCookies() yields null\ncy.clearAllCookies();\ncy.getAllCookies().should('be.empty');",
              "err": {},
              "uuid": "029ef5c1-8fb8-4f9e-89ea-77bbc579d675",
              "parentUUID": "714b9a9d-a3a1-4861-837a-1b23f51783d3",
              "isHook": false,
              "skipped": false
            }
          ],
          "suites": [],
          "passes": [
            "7a623644-2bbd-47de-9e28-f4b0d223fad8",
            "0fe9013d-28c7-407e-b5bd-0af95ece0cd4",
            "1239f9e3-139f-4569-ac80-8114fc683eed",
            "b8e282b1-617f-47eb-901d-6f9ced5aab23",
            "6cc0a1c4-e59e-4879-8921-c02c48005864",
            "b9a46d7f-a13a-4533-9ed5-924663ce4688",
            "029ef5c1-8fb8-4f9e-89ea-77bbc579d675"
          ],
          "failures": [],
          "pending": [],
          "skipped": [],
          "duration": 2031,
          "root": false,
          "rootEmpty": false,
          "_timeout": 2000
        }
      ],
      "passes": [],
      "failures": [],
      "pending": [],
      "skipped": [],
      "duration": 0,
      "root": true,
      "rootEmpty": true,
      "_timeout": 2000
    }
  ],
  "meta": {
    "mocha": {
      "version": "7.0.1"
    },
    "mochawesome": {
      "options": {
        "quiet": false,
        "reportFilename": "mochawesome",
        "saveHtml": true,
        "saveJson": true,
        "consoleReporter": "spec",
        "useInlineDiffs": false,
        "code": true
      },
      "version": "7.1.3"
    },
    "marge": {
      "options": {
        "reportDir": "cypress/reports",
        "overwrite": false,
        "html": true,
        "json": true
      },
      "version": "6.2.0"
    }
  }
}